2023-05-22 19:09:08	GameServer[0] create: 127.0.0.1 : 43060
2023-05-22 19:09:29	GameServer[1] create: 127.0.0.1 : 39453
2023-05-22 19:10:01	Gameserver(1) update map ok
2023-05-22 19:10:30	LoginToMap: Account(eurofun), Index(0), IP:192.168.1.1 : 49579
2023-05-22 19:10:30	ProcessRoleList -> nNextTask(1) m_lnIdentityID 0 m_dwGoddessIdentity:1 Account:eurofun
2023-05-22 19:10:30	ApplyRoleData Identity: 1 Account:eurofun Role:HéiQu¸nVâL©m
2023-05-22 19:10:30	SelAddDelRole -> nNextTask(3) m_lnIdentityID 0, m_dwGoddessIdentity:1 Account:eurofun role: HéiQu¸nVâL©m
2023-05-22 19:10:31	set gameServer: -1=>1
2023-05-22 19:10:31	set role name: =>HéiQu¸nVâL©m
2023-05-22 19:10:31	_SyncRoleInfo_ToGameServer result is 1 Identity:1 Account:eurofun Role: HéiQu¸nVâL©m
2023-05-22 19:10:31	Map changed: 0=>121
2023-05-22 19:10:31	ProcessRoleInfo nNextTask: 8  Identity:1 Account:eurofun
2023-05-22 19:10:31	GameServer(1) accept account(eurofun), Map(121)
2023-05-22 19:10:31	set status: 1=>2
2023-05-22 19:10:31	GameSever(127.0.0.1) notify account(eurofun) leave gameworld: CmdType(0x0), Status(2), GameServer(1), LivingTime(0min)
2023-05-22 19:10:31	LogoutFromMap: Account(eurofun), GameServer(1), Status(2), PlayrIndex(0), Role(HéiQu¸nVâL©m), Map(121)
2023-05-22 19:11:11	LoginToMap: Account(eurofun), Index(1), IP:192.168.1.1 : 49581
2023-05-22 19:11:11	ProcessRoleList -> nNextTask(1) m_lnIdentityID 1 m_dwGoddessIdentity:2 Account:eurofun
2023-05-22 19:11:16	ApplyCreateData Identity: 2 Account:eurofun Role:dfgfdgdgfgd
2023-05-22 19:11:16	SelAddDelRole -> enumLoginCreateRole m_lnIdentityID 1, m_dwGoddessIdentity:2 Account:eurofun role: dfgfdgdgfgd
2023-05-22 19:11:16	set gameServer: -1=>1
2023-05-22 19:11:16	set role name: =>dfgfdgdgfgd
2023-05-22 19:11:16	_SyncRoleInfo_ToGameServer result is 1 Identity:2 Account:eurofun Role: dfgfdgdgfgd
2023-05-22 19:11:16	Map changed: 0=>53
2023-05-22 19:11:16	WaitForCreateResult -> nNextTask(8) Identity:2 Account:eurofun
2023-05-22 19:11:16	GameServer(1) accept account(eurofun), Map(53)
2023-05-22 19:11:16	set status: 1=>2
2023-05-22 19:11:16	GameServer(127.0.0.1) notify account(eurofun) enter gameworld
2023-05-22 19:11:59	GameSever(127.0.0.1) notify account(eurofun) leave gameworld: CmdType(0x0), Status(2), GameServer(1), LivingTime(0min)
2023-05-22 19:11:59	LogoutFromMap: Account(eurofun), GameServer(1), Status(2), PlayrIndex(1), Role(dfgfdgdgfgd), Map(53)
2023-05-22 19:18:16	GameServer[1] destroy
2023-05-22 19:18:37	GameServer[2] create: 127.0.0.1 : 60788
2023-05-22 19:19:12	Gameserver(2) update map ok
2023-05-22 19:19:56	LoginToMap: Account(1), Index(3), IP:192.168.1.1 : 49633
2023-05-22 19:19:56	ProcessRoleList -> nNextTask(1) m_lnIdentityID 3 m_dwGoddessIdentity:4 Account:1
2023-05-22 19:20:12	ApplyCreateData Identity: 4 Account:1 Role:§¹tÙMaÙTæÙS­
2023-05-22 19:20:12	SelAddDelRole -> enumLoginCreateRole m_lnIdentityID 3, m_dwGoddessIdentity:4 Account:1 role: §¹tÙMaÙTæÙS­
2023-05-22 19:20:12	set gameServer: -1=>2
2023-05-22 19:20:12	set role name: =>§¹tÙMaÙTæÙS­
2023-05-22 19:20:12	_SyncRoleInfo_ToGameServer result is 1 Identity:4 Account:1 Role: §¹tÙMaÙTæÙS­
2023-05-22 19:20:12	Map changed: 0=>53
2023-05-22 19:20:12	WaitForCreateResult -> nNextTask(8) Identity:4 Account:1
2023-05-22 19:20:12	GameServer(2) accept account(1), Map(53)
2023-05-22 19:20:12	set status: 1=>2
2023-05-22 19:20:12	GameServer(127.0.0.1) notify account(1) enter gameworld
2023-05-22 19:21:41	GameSever(127.0.0.1) notify account(1) leave gameworld: CmdType(0x0), Status(2), GameServer(2), LivingTime(1min)
2023-05-22 19:21:41	LogoutFromMap: Account(1), GameServer(2), Status(2), PlayrIndex(3), Role(§¹tÙMaÙTæÙS­), Map(53)
2023-05-22 19:21:47	LoginToMap: Account(1), Index(4), IP:192.168.1.1 : 49638
2023-05-22 19:21:47	ProcessRoleList -> nNextTask(1) m_lnIdentityID 4 m_dwGoddessIdentity:5 Account:1
2023-05-22 19:21:47	ApplyRoleData Identity: 5 Account:1 Role:§¹tÙMaÙTæÙS­
2023-05-22 19:21:47	SelAddDelRole -> nNextTask(3) m_lnIdentityID 4, m_dwGoddessIdentity:5 Account:1 role: §¹tÙMaÙTæÙS­
2023-05-22 19:21:47	set gameServer: -1=>2
2023-05-22 19:21:47	set role name: =>§¹tÙMaÙTæÙS­
2023-05-22 19:21:47	_SyncRoleInfo_ToGameServer result is 1 Identity:5 Account:1 Role: §¹tÙMaÙTæÙS­
2023-05-22 19:21:47	Map changed: 0=>53
2023-05-22 19:21:47	ProcessRoleInfo nNextTask: 8  Identity:5 Account:1
2023-05-22 19:21:47	GameServer(2) accept account(1), Map(53)
2023-05-22 19:21:47	set status: 1=>2
2023-05-22 19:21:47	GameServer(127.0.0.1) notify account(1) enter gameworld
2023-05-22 19:39:36	GameServer[2] destroy
2023-05-22 19:39:36	LogoutFromMap: Account(1), GameServer(2), Status(2), PlayrIndex(4), Role(§¹tÙMaÙTæÙS­), Map(53)
2023-05-22 19:39:42	LoginToMap: Account(1), Index(5), IP:192.168.1.1 : 49661
2023-05-22 19:39:42	ProcessRoleList -> nNextTask(1) m_lnIdentityID 5 m_dwGoddessIdentity:6 Account:1
2023-05-22 19:39:42	ApplyRoleData Identity: 6 Account:1 Role:§¹tÙMaÙTæÙS­
2023-05-22 19:39:42	SelAddDelRole -> nNextTask(3) m_lnIdentityID 5, m_dwGoddessIdentity:6 Account:1 role: §¹tÙMaÙTæÙS­
2023-05-22 19:39:42	_SyncRoleInfo_ToGameServer result is 0 Identity:6 Account:1 Role: §¹tÙMaÙTæÙS­
2023-05-22 19:39:42	ProcessRoleInfo nNextTask: 11  Identity:6 Account:1
2023-05-22 19:39:42	Unlock 1(null): 1
2023-05-22 19:39:42	LogoutFromMap: Account(1), GameServer(-1), Status(1), PlayrIndex(5), Role(), Map(0)
2023-05-22 19:39:47	LoginToMap: Account(1), Index(6), IP:192.168.1.1 : 49662
2023-05-22 19:39:48	ProcessRoleList -> nNextTask(1) m_lnIdentityID 6 m_dwGoddessIdentity:7 Account:1
2023-05-22 19:39:48	ApplyRoleData Identity: 7 Account:1 Role:§¹tÙMaÙTæÙS­
2023-05-22 19:39:48	SelAddDelRole -> nNextTask(3) m_lnIdentityID 6, m_dwGoddessIdentity:7 Account:1 role: §¹tÙMaÙTæÙS­
2023-05-22 19:39:48	_SyncRoleInfo_ToGameServer result is 0 Identity:7 Account:1 Role: §¹tÙMaÙTæÙS­
2023-05-22 19:39:48	ProcessRoleInfo nNextTask: 11  Identity:7 Account:1
2023-05-22 19:39:48	Unlock 1(null): 1
2023-05-22 19:39:48	LogoutFromMap: Account(1), GameServer(-1), Status(1), PlayrIndex(6), Role(), Map(0)
2023-05-22 19:39:53	LoginToMap: Account(1), Index(7), IP:192.168.1.1 : 49663
2023-05-22 19:39:53	ProcessRoleList -> nNextTask(1) m_lnIdentityID 7 m_dwGoddessIdentity:8 Account:1
2023-05-22 19:39:53	ApplyRoleData Identity: 8 Account:1 Role:§¹tÙMaÙTæÙS­
2023-05-22 19:39:53	SelAddDelRole -> nNextTask(3) m_lnIdentityID 7, m_dwGoddessIdentity:8 Account:1 role: §¹tÙMaÙTæÙS­
2023-05-22 19:39:53	_SyncRoleInfo_ToGameServer result is 0 Identity:8 Account:1 Role: §¹tÙMaÙTæÙS­
2023-05-22 19:39:53	ProcessRoleInfo nNextTask: 11  Identity:8 Account:1
2023-05-22 19:39:53	Unlock 1(null): 1
2023-05-22 19:39:53	LogoutFromMap: Account(1), GameServer(-1), Status(1), PlayrIndex(7), Role(), Map(0)
2023-05-22 19:39:57	GameServer[3] create: 127.0.0.1 : 52777
2023-05-22 19:39:58	LoginToMap: Account(1), Index(8), IP:192.168.1.1 : 49671
2023-05-22 19:39:58	ProcessRoleList -> nNextTask(1) m_lnIdentityID 8 m_dwGoddessIdentity:9 Account:1
2023-05-22 19:39:58	ApplyRoleData Identity: 9 Account:1 Role:§¹tÙMaÙTæÙS­
2023-05-22 19:39:58	SelAddDelRole -> nNextTask(3) m_lnIdentityID 8, m_dwGoddessIdentity:9 Account:1 role: §¹tÙMaÙTæÙS­
2023-05-22 19:39:58	_SyncRoleInfo_ToGameServer result is 0 Identity:9 Account:1 Role: §¹tÙMaÙTæÙS­
2023-05-22 19:39:58	ProcessRoleInfo nNextTask: 11  Identity:9 Account:1
2023-05-22 19:39:58	Unlock 1(null): 1
2023-05-22 19:39:58	LogoutFromMap: Account(1), GameServer(-1), Status(1), PlayrIndex(8), Role(), Map(0)
2023-05-22 19:40:08	LoginToMap: Account(1), Index(9), IP:192.168.1.1 : 49672
2023-05-22 19:40:08	ProcessRoleList -> nNextTask(1) m_lnIdentityID 9 m_dwGoddessIdentity:10 Account:1
2023-05-22 19:40:08	ApplyRoleData Identity: 10 Account:1 Role:§¹tÙMaÙTæÙS­
2023-05-22 19:40:08	SelAddDelRole -> nNextTask(3) m_lnIdentityID 9, m_dwGoddessIdentity:10 Account:1 role: §¹tÙMaÙTæÙS­
2023-05-22 19:40:08	_SyncRoleInfo_ToGameServer result is 0 Identity:10 Account:1 Role: §¹tÙMaÙTæÙS­
2023-05-22 19:40:08	ProcessRoleInfo nNextTask: 11  Identity:10 Account:1
2023-05-22 19:40:08	Unlock 1(null): 1
2023-05-22 19:40:08	LogoutFromMap: Account(1), GameServer(-1), Status(1), PlayrIndex(9), Role(), Map(0)
2023-05-22 19:40:18	LoginToMap: Account(1), Index(10), IP:192.168.1.1 : 49673
2023-05-22 19:40:18	ProcessRoleList -> nNextTask(1) m_lnIdentityID 10 m_dwGoddessIdentity:11 Account:1
2023-05-22 19:40:18	ApplyRoleData Identity: 11 Account:1 Role:§¹tÙMaÙTæÙS­
2023-05-22 19:40:18	SelAddDelRole -> nNextTask(3) m_lnIdentityID 10, m_dwGoddessIdentity:11 Account:1 role: §¹tÙMaÙTæÙS­
2023-05-22 19:40:18	_SyncRoleInfo_ToGameServer result is 0 Identity:11 Account:1 Role: §¹tÙMaÙTæÙS­
2023-05-22 19:40:18	ProcessRoleInfo nNextTask: 11  Identity:11 Account:1
2023-05-22 19:40:18	Unlock 1(null): 1
2023-05-22 19:40:18	LogoutFromMap: Account(1), GameServer(-1), Status(1), PlayrIndex(10), Role(), Map(0)
2023-05-22 19:40:29	LoginToMap: Account(1), Index(11), IP:192.168.1.1 : 49674
2023-05-22 19:40:29	ProcessRoleList -> nNextTask(1) m_lnIdentityID 11 m_dwGoddessIdentity:12 Account:1
2023-05-22 19:40:29	ApplyRoleData Identity: 12 Account:1 Role:§¹tÙMaÙTæÙS­
2023-05-22 19:40:29	SelAddDelRole -> nNextTask(3) m_lnIdentityID 11, m_dwGoddessIdentity:12 Account:1 role: §¹tÙMaÙTæÙS­
2023-05-22 19:40:29	_SyncRoleInfo_ToGameServer result is 0 Identity:12 Account:1 Role: §¹tÙMaÙTæÙS­
2023-05-22 19:40:29	ProcessRoleInfo nNextTask: 11  Identity:12 Account:1
2023-05-22 19:40:29	Unlock 1(null): 1
2023-05-22 19:40:29	LogoutFromMap: Account(1), GameServer(-1), Status(1), PlayrIndex(11), Role(), Map(0)
2023-05-22 19:40:29	Gameserver(3) update map ok
2023-05-22 19:40:39	LoginToMap: Account(1), Index(12), IP:192.168.1.1 : 49676
2023-05-22 19:40:39	ProcessRoleList -> nNextTask(1) m_lnIdentityID 12 m_dwGoddessIdentity:13 Account:1
2023-05-22 19:40:39	ApplyRoleData Identity: 13 Account:1 Role:§¹tÙMaÙTæÙS­
2023-05-22 19:40:39	SelAddDelRole -> nNextTask(3) m_lnIdentityID 12, m_dwGoddessIdentity:13 Account:1 role: §¹tÙMaÙTæÙS­
2023-05-22 19:40:39	_SyncRoleInfo_ToGameServer result is 0 Identity:13 Account:1 Role: §¹tÙMaÙTæÙS­
2023-05-22 19:40:39	ProcessRoleInfo nNextTask: 11  Identity:13 Account:1
2023-05-22 19:40:39	Unlock 1(null): 1
2023-05-22 19:40:39	LogoutFromMap: Account(1), GameServer(-1), Status(1), PlayrIndex(12), Role(), Map(0)
2023-05-22 19:40:49	LoginToMap: Account(1), Index(13), IP:192.168.1.1 : 49677
2023-05-22 19:40:49	ProcessRoleList -> nNextTask(1) m_lnIdentityID 13 m_dwGoddessIdentity:14 Account:1
2023-05-22 19:40:49	ApplyRoleData Identity: 14 Account:1 Role:§¹tÙMaÙTæÙS­
2023-05-22 19:40:49	SelAddDelRole -> nNextTask(3) m_lnIdentityID 13, m_dwGoddessIdentity:14 Account:1 role: §¹tÙMaÙTæÙS­
2023-05-22 19:40:49	set gameServer: -1=>3
2023-05-22 19:40:49	set role name: =>§¹tÙMaÙTæÙS­
2023-05-22 19:40:49	_SyncRoleInfo_ToGameServer result is 1 Identity:14 Account:1 Role: §¹tÙMaÙTæÙS­
2023-05-22 19:40:49	Map changed: 0=>53
2023-05-22 19:40:49	ProcessRoleInfo nNextTask: 8  Identity:14 Account:1
2023-05-22 19:40:49	GameServer(3) accept account(1), Map(53)
2023-05-22 19:40:49	set status: 1=>2
2023-05-22 19:40:50	GameServer(127.0.0.1) notify account(1) enter gameworld
2023-05-22 20:04:22	GameSever(127.0.0.1) notify account(1) leave gameworld: CmdType(0x0), Status(2), GameServer(3), LivingTime(23min)
2023-05-22 20:04:22	LogoutFromMap: Account(1), GameServer(3), Status(2), PlayrIndex(13), Role(§¹tÙMaÙTæÙS­), Map(53)
2023-05-22 20:04:25	GameServer[3] destroy
2023-05-22 20:04:51	GameServer[4] create: 127.0.0.1 : 51551
2023-05-22 20:05:27	Gameserver(4) update map ok
2023-05-22 20:05:56	LoginToMap: Account(1), Index(15), IP:192.168.1.1 : 49737
2023-05-22 20:05:56	ProcessRoleList -> nNextTask(1) m_lnIdentityID 15 m_dwGoddessIdentity:16 Account:1
2023-05-22 20:05:57	ApplyRoleData Identity: 16 Account:1 Role:§¹tÙMaÙTæÙS­
2023-05-22 20:05:57	SelAddDelRole -> nNextTask(3) m_lnIdentityID 15, m_dwGoddessIdentity:16 Account:1 role: §¹tÙMaÙTæÙS­
2023-05-22 20:05:57	set gameServer: -1=>4
2023-05-22 20:05:57	set role name: =>§¹tÙMaÙTæÙS­
2023-05-22 20:05:57	_SyncRoleInfo_ToGameServer result is 1 Identity:16 Account:1 Role: §¹tÙMaÙTæÙS­
2023-05-22 20:05:57	Map changed: 0=>162
2023-05-22 20:05:57	ProcessRoleInfo nNextTask: 8  Identity:16 Account:1
2023-05-22 20:05:57	GameServer(4) accept account(1), Map(162)
2023-05-22 20:05:57	set status: 1=>2
2023-05-22 20:05:57	GameServer(127.0.0.1) notify account(1) enter gameworld
2023-05-22 20:09:10	GameSever(127.0.0.1) notify account(1) leave gameworld: CmdType(0x0), Status(2), GameServer(4), LivingTime(3min)
2023-05-22 20:09:10	LogoutFromMap: Account(1), GameServer(4), Status(2), PlayrIndex(15), Role(§¹tÙMaÙTæÙS­), Map(162)
2023-05-22 20:09:44	GameServer[4] destroy
2023-05-22 20:10:06	GameServer[5] create: 127.0.0.1 : 39988
2023-05-22 20:10:40	Gameserver(5) update map ok
2023-05-22 20:14:34	LoginToMap: Account(1), Index(16), IP:192.168.1.1 : 49797
2023-05-22 20:14:34	ProcessRoleList -> nNextTask(1) m_lnIdentityID 16 m_dwGoddessIdentity:17 Account:1
2023-05-22 20:14:51	ApplyCreateData Identity: 17 Account:1 Role:HångÙL¨ngÙBa
2023-05-22 20:14:51	SelAddDelRole -> enumLoginCreateRole m_lnIdentityID 16, m_dwGoddessIdentity:17 Account:1 role: HångÙL¨ngÙBa
2023-05-22 20:14:51	set gameServer: -1=>5
2023-05-22 20:14:51	set role name: =>HångÙL¨ngÙBa
2023-05-22 20:14:51	_SyncRoleInfo_ToGameServer result is 1 Identity:17 Account:1 Role: HångÙL¨ngÙBa
2023-05-22 20:14:51	Map changed: 0=>53
2023-05-22 20:14:51	WaitForCreateResult -> nNextTask(8) Identity:17 Account:1
2023-05-22 20:14:51	GameServer(5) accept account(1), Map(53)
2023-05-22 20:14:51	set status: 1=>2
2023-05-22 20:14:52	GameServer(127.0.0.1) notify account(1) enter gameworld
2023-05-22 20:14:58	GameSever(127.0.0.1) notify account(1) leave gameworld: CmdType(0x0), Status(2), GameServer(5), LivingTime(0min)
2023-05-22 20:14:58	LogoutFromMap: Account(1), GameServer(5), Status(2), PlayrIndex(16), Role(HångÙL¨ngÙBa), Map(53)
2023-05-22 20:15:03	LoginToMap: Account(1), Index(17), IP:192.168.1.1 : 49799
2023-05-22 20:15:03	ProcessRoleList -> nNextTask(1) m_lnIdentityID 17 m_dwGoddessIdentity:18 Account:1
2023-05-22 20:15:03	ApplyRoleData Identity: 18 Account:1 Role:HångÙL¨ngÙBa
2023-05-22 20:15:03	SelAddDelRole -> nNextTask(3) m_lnIdentityID 17, m_dwGoddessIdentity:18 Account:1 role: HångÙL¨ngÙBa
2023-05-22 20:15:03	set gameServer: -1=>5
2023-05-22 20:15:03	set role name: =>HångÙL¨ngÙBa
2023-05-22 20:15:03	_SyncRoleInfo_ToGameServer result is 1 Identity:18 Account:1 Role: HångÙL¨ngÙBa
2023-05-22 20:15:03	Map changed: 0=>53
2023-05-22 20:15:03	ProcessRoleInfo nNextTask: 8  Identity:18 Account:1
2023-05-22 20:15:03	GameServer(5) accept account(1), Map(53)
2023-05-22 20:15:03	set status: 1=>2
2023-05-22 20:15:04	GameServer(127.0.0.1) notify account(1) enter gameworld
2023-05-22 20:20:16	GameSever(127.0.0.1) notify account(1) leave gameworld: CmdType(0x0), Status(2), GameServer(5), LivingTime(5min)
2023-05-22 20:20:16	LogoutFromMap: Account(1), GameServer(5), Status(2), PlayrIndex(17), Role(HångÙL¨ngÙBa), Map(53)
2023-05-22 20:20:18	LoginToMap: Account(1), Index(18), IP:192.168.1.1 : 49803
2023-05-22 20:20:18	ProcessRoleList -> nNextTask(1) m_lnIdentityID 18 m_dwGoddessIdentity:19 Account:1
2023-05-22 20:20:19	ApplyRoleData Identity: 19 Account:1 Role:HångÙL¨ngÙBa
2023-05-22 20:20:19	SelAddDelRole -> nNextTask(3) m_lnIdentityID 18, m_dwGoddessIdentity:19 Account:1 role: HångÙL¨ngÙBa
2023-05-22 20:20:19	set gameServer: -1=>5
2023-05-22 20:20:19	set role name: =>HångÙL¨ngÙBa
2023-05-22 20:20:19	_SyncRoleInfo_ToGameServer result is 1 Identity:19 Account:1 Role: HångÙL¨ngÙBa
2023-05-22 20:20:19	Map changed: 0=>162
2023-05-22 20:20:19	ProcessRoleInfo nNextTask: 8  Identity:19 Account:1
2023-05-22 20:20:19	GameServer(5) accept account(1), Map(162)
2023-05-22 20:20:19	set status: 1=>2
2023-05-22 20:20:19	GameServer(127.0.0.1) notify account(1) enter gameworld
2023-05-22 20:27:27	GameSever(127.0.0.1) notify account(1) leave gameworld: CmdType(0x0), Status(2), GameServer(5), LivingTime(7min)
2023-05-22 20:27:27	LogoutFromMap: Account(1), GameServer(5), Status(2), PlayrIndex(18), Role(HångÙL¨ngÙBa), Map(162)
2023-05-22 20:30:52	GameServer[5] destroy
2023-05-22 20:31:16	GameServer[6] create: 127.0.0.1 : 56164
2023-05-22 20:31:54	Gameserver(6) update map ok
2023-05-22 20:32:19	LoginToMap: Account(1), Index(19), IP:192.168.1.1 : 49863
2023-05-22 20:32:19	ProcessRoleList -> nNextTask(1) m_lnIdentityID 19 m_dwGoddessIdentity:20 Account:1
2023-05-22 20:32:20	ApplyRoleData Identity: 20 Account:1 Role:HångÙL¨ngÙBa
2023-05-22 20:32:20	SelAddDelRole -> nNextTask(3) m_lnIdentityID 19, m_dwGoddessIdentity:20 Account:1 role: HångÙL¨ngÙBa
2023-05-22 20:32:20	set gameServer: -1=>6
2023-05-22 20:32:20	set role name: =>HångÙL¨ngÙBa
2023-05-22 20:32:20	_SyncRoleInfo_ToGameServer result is 1 Identity:20 Account:1 Role: HångÙL¨ngÙBa
2023-05-22 20:32:20	Map changed: 0=>162
2023-05-22 20:32:20	ProcessRoleInfo nNextTask: 8  Identity:20 Account:1
2023-05-22 20:32:20	GameServer(6) accept account(1), Map(162)
2023-05-22 20:32:20	set status: 1=>2
2023-05-22 20:32:20	GameServer(127.0.0.1) notify account(1) enter gameworld
2023-05-22 20:42:20	GameSever(127.0.0.1) notify account(1) leave gameworld: CmdType(0x0), Status(2), GameServer(6), LivingTime(10min)
2023-05-22 20:42:20	LogoutFromMap: Account(1), GameServer(6), Status(2), PlayrIndex(19), Role(HångÙL¨ngÙBa), Map(162)
2023-05-22 20:46:50	LoginToMap: Account(2), Index(20), IP:192.168.1.1 : 49899
2023-05-22 20:46:50	ProcessRoleList -> nNextTask(1) m_lnIdentityID 20 m_dwGoddessIdentity:21 Account:2
2023-05-22 20:47:04	ApplyCreateData Identity: 21 Account:2 Role:§­êngÙB¸ÙHæ
2023-05-22 20:47:04	SelAddDelRole -> enumLoginCreateRole m_lnIdentityID 20, m_dwGoddessIdentity:21 Account:2 role: §­êngÙB¸ÙHæ
2023-05-22 20:47:04	set gameServer: -1=>6
2023-05-22 20:47:04	set role name: =>§­êngÙB¸ÙHæ
2023-05-22 20:47:04	_SyncRoleInfo_ToGameServer result is 1 Identity:21 Account:2 Role: §­êngÙB¸ÙHæ
2023-05-22 20:47:04	Map changed: 0=>53
2023-05-22 20:47:04	WaitForCreateResult -> nNextTask(8) Identity:21 Account:2
2023-05-22 20:47:04	GameServer(6) accept account(2), Map(53)
2023-05-22 20:47:04	set status: 1=>2
2023-05-22 20:47:05	GameServer(127.0.0.1) notify account(2) enter gameworld
2023-05-22 21:32:55	GameSever(127.0.0.1) notify account(2) leave gameworld: CmdType(0x0), Status(2), GameServer(6), LivingTime(46min)
2023-05-22 21:32:55	LogoutFromMap: Account(2), GameServer(6), Status(2), PlayrIndex(20), Role(§­êngÙB¸ÙHæ), Map(53)
2023-05-22 21:59:24	LoginToMap: Account(2), Index(21), IP:192.168.1.1 : 50574
2023-05-22 21:59:24	ProcessRoleList -> nNextTask(1) m_lnIdentityID 21 m_dwGoddessIdentity:22 Account:2
2023-05-22 21:59:25	ApplyRoleData Identity: 22 Account:2 Role:§­êngÙB¸ÙHæ
2023-05-22 21:59:25	SelAddDelRole -> nNextTask(3) m_lnIdentityID 21, m_dwGoddessIdentity:22 Account:2 role: §­êngÙB¸ÙHæ
2023-05-22 21:59:25	set gameServer: -1=>6
2023-05-22 21:59:25	set role name: =>§­êngÙB¸ÙHæ
2023-05-22 21:59:25	_SyncRoleInfo_ToGameServer result is 1 Identity:22 Account:2 Role: §­êngÙB¸ÙHæ
2023-05-22 21:59:25	Map changed: 0=>34
2023-05-22 21:59:25	ProcessRoleInfo nNextTask: 8  Identity:22 Account:2
2023-05-22 21:59:25	GameServer(6) accept account(2), Map(34)
2023-05-22 21:59:25	set status: 1=>2
2023-05-22 21:59:25	GameServer(127.0.0.1) notify account(2) enter gameworld
2023-05-22 22:03:19	GameSever(127.0.0.1) notify account(2) leave gameworld: CmdType(0x0), Status(2), GameServer(6), LivingTime(3min)
2023-05-22 22:03:19	LogoutFromMap: Account(2), GameServer(6), Status(2), PlayrIndex(21), Role(§­êngÙB¸ÙHæ), Map(34)
2023-05-22 22:06:38	GameServer[6] destroy
2023-05-22 22:07:01	GameServer[7] create: 127.0.0.1 : 36659
2023-05-22 22:07:36	Gameserver(7) update map ok
