2023-05-24 18:44:19	Add 1(ChungÙLinhÙTó)
2023-05-24 18:44:19	1(ChungÙLinhÙTó) sync data from bishop
2023-05-24 18:44:19	1(ChungÙLinhÙTó) login
2023-05-24 18:47:15	[ShutdownClient]	Kick Out, ReasonId (7) 2023-05-24 18:47:15	1(ChungÙLinhÙTó) logout
2023-05-24 18:47:15	Del 1(ChungÙLinhÙTó): quit
2023-05-24 18:47:21	Add 1(ChungÙLinhÙTó)
2023-05-24 18:47:21	1(ChungÙLinhÙTó) sync data from bishop
2023-05-24 18:47:21	1(ChungÙLinhÙTó) login
2023-05-24 18:52:16	[ShutdownClient]	Kick Out, ReasonId (7) 2023-05-24 18:52:16	1(ChungÙLinhÙTó) logout
2023-05-24 18:52:16	Del 1(ChungÙLinhÙTó): quit
2023-05-24 18:52:20	Add 1(ChungÙLinhÙTó)
2023-05-24 18:52:20	1(ChungÙLinhÙTó) sync data from bishop
2023-05-24 18:52:20	1(ChungÙLinhÙTó) login
2023-05-24 19:10:36	[ShutdownClient]	Kick Out, ReasonId (7) 2023-05-24 19:10:36	1(ChungÙLinhÙTó) logout
2023-05-24 19:10:36	Del 1(ChungÙLinhÙTó): quit
2023-05-24 19:10:43	Add 1(ChungÙLinhÙTó)
2023-05-24 19:10:43	1(ChungÙLinhÙTó) sync data from bishop
2023-05-24 19:10:43	1(ChungÙLinhÙTó) login
2023-05-24 19:58:42	1(ChungÙLinhÙTó) logout
2023-05-24 19:58:42	Del 1(ChungÙLinhÙTó): quit
2023-05-24 20:28:08	Add 1(§¹tÙMaÙTæÙS­)
2023-05-24 20:28:08	1(§¹tÙMaÙTæÙS­) sync data from bishop
2023-05-24 20:28:08	1(§¹tÙMaÙTæÙS­) login
2023-05-24 20:37:09	[ShutdownClient]	Close connection[1] for request.
2023-05-24 20:37:09	1(§¹tÙMaÙTæÙS­) logout
2023-05-24 20:37:09	Del 1(§¹tÙMaÙTæÙS­): quit
2023-05-24 20:38:45	Add 1(§¹tÙMaÙTæÙS­)
2023-05-24 20:38:45	1(§¹tÙMaÙTæÙS­) sync data from bishop
2023-05-24 20:38:45	1(§¹tÙMaÙTæÙS­) login
2023-05-24 20:50:56	[ShutdownClient]	Close connection[1] for request.
2023-05-24 20:50:56	1(§¹tÙMaÙTæÙS­) logout
2023-05-24 20:50:56	Del 1(§¹tÙMaÙTæÙS­): quit
2023-05-24 20:52:32	Add 1(§¹tÙMaÙTæÙS­)
2023-05-24 20:52:32	1(§¹tÙMaÙTæÙS­) sync data from bishop
2023-05-24 20:52:32	1(§¹tÙMaÙTæÙS­) login
2023-05-24 20:54:49	[ShutdownClient]	Close connection[1] for request.
2023-05-24 20:54:49	1(§¹tÙMaÙTæÙS­) logout
2023-05-24 20:54:49	Del 1(§¹tÙMaÙTæÙS­): quit
2023-05-24 20:54:55	Add 2(GiaÙLuËtÙHångÙY)
2023-05-24 20:54:55	2(GiaÙLuËtÙHångÙY) sync data from bishop
2023-05-24 20:54:55	2(GiaÙLuËtÙHångÙY) login
2023-05-24 20:59:36	[ShutdownClient]	Close connection[1] for request.
2023-05-24 20:59:36	2(GiaÙLuËtÙHångÙY) logout
2023-05-24 20:59:36	Del 2(GiaÙLuËtÙHångÙY): quit
2023-05-24 21:01:11	Add 2(GiaÙLuËtÙHångÙY)
2023-05-24 21:01:11	2(GiaÙLuËtÙHångÙY) sync data from bishop
2023-05-24 21:01:11	2(GiaÙLuËtÙHångÙY) login
2023-05-24 21:05:22	[ShutdownClient]	Close connection[1] for request.
2023-05-24 21:05:22	2(GiaÙLuËtÙHångÙY) logout
2023-05-24 21:05:22	Del 2(GiaÙLuËtÙHångÙY): quit
2023-05-24 21:18:51	Add 1(§¹tÙMaÙTæÙS­)
2023-05-24 21:18:51	1(§¹tÙMaÙTæÙS­) sync data from bishop
2023-05-24 21:18:52	1(§¹tÙMaÙTæÙS­) login
2023-05-24 21:28:18	[ShutdownClient]	no response from client ID:1(Loop:30501, PingTime:29001), kill it...
2023-05-24 21:28:18	1(§¹tÙMaÙTæÙS­) logout
2023-05-24 21:28:18	Del 1(§¹tÙMaÙTæÙS­): quit
2023-05-24 21:32:26	Add 1(§¹tÙMaÙTæÙS­)
2023-05-24 21:32:26	1(§¹tÙMaÙTæÙS­) sync data from bishop
2023-05-24 21:32:26	1(§¹tÙMaÙTæÙS­) login
2023-05-24 21:32:56	1(§¹tÙMaÙTæÙS­) logout
2023-05-24 21:32:56	Del 1(§¹tÙMaÙTæÙS­): quit
2023-05-24 21:33:02	Add 1(§¹tÙMaÙTæÙS­)
2023-05-24 21:33:02	1(§¹tÙMaÙTæÙS­) sync data from bishop
2023-05-24 21:33:02	1(§¹tÙMaÙTæÙS­) login
2023-05-24 22:54:56	1(§¹tÙMaÙTæÙS­) logout
2023-05-24 22:54:56	Del 1(§¹tÙMaÙTæÙS­): quit
