2023-05-22 19:10:31	Add eurofun(HéiQu¸nVâL©m)
2023-05-22 19:10:31	eurofun(HéiQu¸nVâL©m) sync data from bishop
2023-05-22 19:10:31	eurofun(HéiQu¸nVâL©m) login
2023-05-22 19:10:31	[ShutdownClient]	PlayerDbLoading failed step(5) .

2023-05-22 19:10:31	eurofun(HéiQu¸nVâL©m) exchange lose
2023-05-22 19:11:16	Add eurofun(dfgfdgdgfgd)
2023-05-22 19:11:16	eurofun(dfgfdgdgfgd) sync data from bishop
2023-05-22 19:11:16	eurofun(dfgfdgdgfgd) login
2023-05-22 19:11:59	[ShutdownClient]	Close connection[1] for request.
2023-05-22 19:11:59	eurofun(dfgfdgdgfgd) logout
2023-05-22 19:11:59	Del eurofun(dfgfdgdgfgd): quit
2023-05-22 19:20:12	Add 1(§¹tÙMaÙTæÙS­)
2023-05-22 19:20:12	1(§¹tÙMaÙTæÙS­) sync data from bishop
2023-05-22 19:20:12	1(§¹tÙMaÙTæÙS­) login
2023-05-22 19:21:41	[ShutdownClient]	Kick Out, ReasonId (7) 2023-05-22 19:21:41	1(§¹tÙMaÙTæÙS­) logout
2023-05-22 19:21:41	Del 1(§¹tÙMaÙTæÙS­): quit
2023-05-22 19:21:47	Add 1(§¹tÙMaÙTæÙS­)
2023-05-22 19:21:47	1(§¹tÙMaÙTæÙS­) sync data from bishop
2023-05-22 19:21:47	1(§¹tÙMaÙTæÙS­) login
2023-05-22 19:40:49	Add 1(§¹tÙMaÙTæÙS­)
2023-05-22 19:40:49	1(§¹tÙMaÙTæÙS­) sync data from bishop
2023-05-22 19:40:49	1(§¹tÙMaÙTæÙS­) login
2023-05-22 20:04:22	1(§¹tÙMaÙTæÙS­) logout
2023-05-22 20:04:22	Del 1(§¹tÙMaÙTæÙS­): quit
2023-05-22 20:05:57	Add 1(§¹tÙMaÙTæÙS­)
2023-05-22 20:05:57	1(§¹tÙMaÙTæÙS­) sync data from bishop
2023-05-22 20:05:57	1(§¹tÙMaÙTæÙS­) login
2023-05-22 20:09:10	[ShutdownClient]	Close connection[1] for request.
2023-05-22 20:09:10	1(§¹tÙMaÙTæÙS­) logout
2023-05-22 20:09:10	Del 1(§¹tÙMaÙTæÙS­): quit
2023-05-22 20:14:51	Add 1(HångÙL¨ngÙBa)
2023-05-22 20:14:51	1(HångÙL¨ngÙBa) sync data from bishop
2023-05-22 20:14:52	1(HångÙL¨ngÙBa) login
2023-05-22 20:14:58	[ShutdownClient]	Kick Out, ReasonId (7) 2023-05-22 20:14:58	1(HångÙL¨ngÙBa) logout
2023-05-22 20:14:58	Del 1(HångÙL¨ngÙBa): quit
2023-05-22 20:15:03	Add 1(HångÙL¨ngÙBa)
2023-05-22 20:15:03	1(HångÙL¨ngÙBa) sync data from bishop
2023-05-22 20:15:04	1(HångÙL¨ngÙBa) login
2023-05-22 20:20:16	1(HångÙL¨ngÙBa) logout
2023-05-22 20:20:16	Del 1(HångÙL¨ngÙBa): quit
2023-05-22 20:20:19	Add 1(HångÙL¨ngÙBa)
2023-05-22 20:20:19	1(HångÙL¨ngÙBa) sync data from bishop
2023-05-22 20:20:19	1(HångÙL¨ngÙBa) login
2023-05-22 20:27:27	[ShutdownClient]	Close connection[1] for request.
2023-05-22 20:27:27	1(HångÙL¨ngÙBa) logout
2023-05-22 20:27:27	Del 1(HångÙL¨ngÙBa): quit
2023-05-22 20:32:20	Add 1(HångÙL¨ngÙBa)
2023-05-22 20:32:20	1(HångÙL¨ngÙBa) sync data from bishop
2023-05-22 20:32:20	1(HångÙL¨ngÙBa) login
2023-05-22 20:42:19	[ShutdownClient]	Close connection[1] for request.
2023-05-22 20:42:20	1(HångÙL¨ngÙBa) logout
2023-05-22 20:42:20	Del 1(HångÙL¨ngÙBa): quit
2023-05-22 20:47:04	Add 2(§­êngÙB¸ÙHæ)
2023-05-22 20:47:04	2(§­êngÙB¸ÙHæ) sync data from bishop
2023-05-22 20:47:04	2(§­êngÙB¸ÙHæ) login
2023-05-22 21:32:54	[ShutdownClient]	Close connection[1] for request.
2023-05-22 21:32:55	2(§­êngÙB¸ÙHæ) logout
2023-05-22 21:32:55	Del 2(§­êngÙB¸ÙHæ): quit
2023-05-22 21:59:25	Add 2(§­êngÙB¸ÙHæ)
2023-05-22 21:59:25	2(§­êngÙB¸ÙHæ) sync data from bishop
2023-05-22 21:59:25	2(§­êngÙB¸ÙHæ) login
2023-05-22 22:03:19	[ShutdownClient]	Close connection[1] for request.
2023-05-22 22:03:19	2(§­êngÙB¸ÙHæ) logout
2023-05-22 22:03:19	Del 2(§­êngÙB¸ÙHæ): quit
2023-05-22 22:08:03	Add 2(§­êngÙB¸ÙHæ)
2023-05-22 22:08:03	2(§­êngÙB¸ÙHæ) sync data from bishop
2023-05-22 22:08:03	2(§­êngÙB¸ÙHæ) login
2023-05-22 22:17:50	[ShutdownClient]	Close connection[1] for request.
2023-05-22 22:17:50	2(§­êngÙB¸ÙHæ) logout
2023-05-22 22:17:50	Del 2(§­êngÙB¸ÙHæ): quit
2023-05-22 22:22:01	Add 2(§­êngÙB¸ÙHæ)
2023-05-22 22:22:01	2(§­êngÙB¸ÙHæ) sync data from bishop
2023-05-22 22:22:01	2(§­êngÙB¸ÙHæ) login
2023-05-22 22:40:18	[ShutdownClient]	Close connection[1] for request.
2023-05-22 22:40:18	2(§­êngÙB¸ÙHæ) logout
2023-05-22 22:40:18	Del 2(§­êngÙB¸ÙHæ): quit
