[2023-05-24 18:49:59	] 1(ChungÙLinhÙTó) SEL 1 Tª Hoµng B¨ng Tung CÈm uyÓn(0,8,0,1,10) 24999(MONEY) at Shop[38]
[2023-05-24 18:50:00	] 1(ChungÙLinhÙTó) SEL 1 Tª Hoµng Thóy Ngäc ChØ Hoµn(0,3,0,2,10) 24999(MONEY) at Shop[38]
[2023-05-24 18:50:01	] 1(ChungÙLinhÙTó) SEL 1 Tª Hoµng Phong TuyÕt B¹ch V©n Thóc §¸i(0,6,0,3,10) 24999(MONEY) at Shop[38]
[2023-05-24 18:50:01	] 1(ChungÙLinhÙTó) SEL 1 Tª Hoµng Phông Nghi ®ao(0,0,1,0,10) 24999(MONEY) at Shop[38]
[2023-05-24 18:50:02	] 1(ChungÙLinhÙTó) SEL 1 Tª Hoµng TuÖ T©m Khinh Sa Y(0,9,0,1,10) 24999(MONEY) at Shop[38]
[2023-05-24 18:58:30	] 1(ChungÙLinhÙTó) SEL 1 Anh Hµo Tè La H­¬ng Nang(0,9,0,1,10) 24999(MONEY) at Shop[38]
[2023-05-24 18:58:31	] 1(ChungÙLinhÙTó) SEL 1 Anh Hµo Tè La Hµi(0,5,3,2,10) 24999(MONEY) at Shop[38]
[2023-05-24 18:58:32	] 1(ChungÙLinhÙTó) SEL 1 Anh Hµo Tè La Thóc Yªu(0,6,0,3,10) 24999(MONEY) at Shop[38]
[2023-05-24 18:58:32	] 1(ChungÙLinhÙTó) SEL 1 Anh Hµo Tè La Tô(0,8,0,1,10) 24999(MONEY) at Shop[38]
[2023-05-24 18:58:33	] 1(ChungÙLinhÙTó) SEL 1 Anh Hµo Tè La Th­îng Giíi(0,3,0,2,10) 24999(MONEY) at Shop[38]
[2023-05-24 18:58:33	] 1(ChungÙLinhÙTó) SEL 1 Anh Hµo Tè La H¹ Giíi(0,3,0,3,10) 24999(MONEY) at Shop[38]
[2023-05-24 18:58:33	] 1(ChungÙLinhÙTó) SEL 1 Anh Hµo Tè La Tr©m(0,7,9,0,10) 24999(MONEY) at Shop[38]
[2023-05-24 18:58:33	] 1(ChungÙLinhÙTó) SEL 1 Anh Hµo Tè La Ch©u Liªn(0,4,0,4,10) 24999(MONEY) at Shop[38]
[2023-05-24 18:58:34	] 1(ChungÙLinhÙTó) SEL 1 Anh Hµo Tè La §ao(0,0,1,0,10) 24999(MONEY) at Shop[38]
[2023-05-24 18:58:34	] 1(ChungÙLinhÙTó) SEL 1 Anh Hµo Tè La Sam(0,2,9,4,10) 24999(MONEY) at Shop[38]
[2023-05-24 19:07:13	] 1(ChungÙLinhÙTó) SEL 1 §Þnh Quèc XÝch Quyªn NhuyÔn Ngoa(0,5,1,1,8) 24999(MONEY) at Shop[38]
[2023-05-24 19:07:13	] 1(ChungÙLinhÙTó) SEL 1 §Þnh Quèc Thanh Sa Tr­êng Sam(0,2,3,0,8) 24999(MONEY) at Shop[38]
[2023-05-24 19:07:14	] 1(ChungÙLinhÙTó) SEL 1 §Þnh Quèc Ng©n Tµm Yªu ®¸i(0,6,1,4,8) 24999(MONEY) at Shop[38]
[2023-05-24 19:07:17	] 1(ChungÙLinhÙTó) SEL 1 §Þnh Quèc Tö §»ng Hé uyÓn(0,8,1,3,8) 24999(MONEY) at Shop[38]
[2023-05-24 19:07:19	] 1(ChungÙLinhÙTó) SEL 1 §Þnh Quèc ¤ Sa Ph¸t Qu¸n(0,7,3,2,9) 24999(MONEY) at Shop[38]
[2023-05-24 19:08:06	] 1(ChungÙLinhÙTó) SEL 1 An Bang B¨ng Tinh Th¹ch H¹ng Liªn(0,4,0,4,10) 24999(MONEY) at Shop[38]
[2023-05-24 19:08:06	] 1(ChungÙLinhÙTó) SEL 1 An Bang Cóc Hoa Th¹ch ChØ hoµn(0,3,0,2,8) 24999(MONEY) at Shop[38]
[2023-05-24 19:08:06	] 1(ChungÙLinhÙTó) SEL 1 An Bang Kª HuyÕt Th¹ch Giíi ChØ (0,3,0,3,8) 24999(MONEY) at Shop[38]
[2023-05-24 19:08:07	] 1(ChungÙLinhÙTó) SEL 1 An Bang §iÒn Hoµng Th¹ch Ngäc Béi(0,9,1,1,8) 24999(MONEY) at Shop[38]
[2023-05-24 19:11:04	] 1(ChungÙLinhÙTó) SEL 1 Thiªn Hoµng Long Bµn Long c«i(0,9,1,0,6) 24999(MONEY) at Shop[38]
[2023-05-24 19:11:04	] 1(ChungÙLinhÙTó) SEL 1 §Þnh Quèc Tö §»ng Hé uyÓn(0,8,1,3,8) 24999(MONEY) at Shop[38]
[2023-05-24 19:11:05	] 1(ChungÙLinhÙTó) SEL 1 Thiªn Hoµng Long Hoµng Kim L©n(0,8,1,3,6) 24999(MONEY) at Shop[38]
[2023-05-24 19:11:05	] 1(ChungÙLinhÙTó) SEL 1 §Þnh Quèc Ng©n Tµm Yªu ®¸i(0,6,1,4,8) 24999(MONEY) at Shop[38]
[2023-05-24 19:11:06	] 1(ChungÙLinhÙTó) SEL 1 Thiªn Hoµng Long Cöu HiÖn chØ (0,3,0,2,6) 24999(MONEY) at Shop[38]
[2023-05-24 19:11:06	] 1(ChungÙLinhÙTó) SEL 1 Thiªn Hoµng Long Né Long §ång(0,3,0,1,6) 24999(MONEY) at Shop[38]
[2023-05-24 19:11:06	] 1(ChungÙLinhÙTó) SEL 1 Thiªn Hoµng Long Long §µi(0,7,4,2,6) 24999(MONEY) at Shop[38]
[2023-05-24 19:11:07	] 1(ChungÙLinhÙTó) SEL 1 Thiªn Hoµng Long TrÊn Minh Liªn(0,4,1,1,6) 24999(MONEY) at Shop[38]
[2023-05-24 19:11:07	] 1(ChungÙLinhÙTó) SEL 1 Thiªn Hoµng Long B¹ch Long Tøc(0,2,18,0,6) 24999(MONEY) at Shop[38]
[2023-05-24 19:11:07	] 1(ChungÙLinhÙTó) SEL 1 §Þnh Quèc XÝch Quyªn NhuyÔn Ngoa(0,5,1,1,8) 24999(MONEY) at Shop[38]
[2023-05-24 19:11:08	] 1(ChungÙLinhÙTó) SEL 1 §Þnh Quèc ¤ Sa Ph¸t Qu¸n(0,7,3,2,9) 24999(MONEY) at Shop[38]
[2023-05-24 19:11:08	] 1(ChungÙLinhÙTó) SEL 1 §Þnh Quèc Thanh Sa Tr­êng Sam(0,2,3,0,8) 24999(MONEY) at Shop[38]
[2023-05-24 19:11:08	] 1(ChungÙLinhÙTó) SEL 1 Thiªn Hoµng Long Long Khèc Thiªn Lý (0,5,1,4,6) 24999(MONEY) at Shop[38]
[2023-05-24 19:11:09	] 1(ChungÙLinhÙTó) SEL 1 Thiªn Hoµng Long Ngäc Tiªu Diªu(0,6,1,4,6) 24999(MONEY) at Shop[38]
[2023-05-24 19:41:48	] 1(ChungÙLinhÙTó) SEL 1 An Bang B¨ng Tinh Th¹ch H¹ng Liªn(0,4,0,4,10) 24999(MONEY) at Shop[38]
[2023-05-24 19:41:50	] 1(ChungÙLinhÙTó) SEL 1 An Bang Cóc Hoa Th¹ch ChØ hoµn(0,3,0,2,8) 24999(MONEY) at Shop[38]
[2023-05-24 19:41:51	] 1(ChungÙLinhÙTó) SEL 1 An Bang Kª HuyÕt Th¹ch Giíi ChØ (0,3,0,3,8) 24999(MONEY) at Shop[38]
[2023-05-24 19:41:52	] 1(ChungÙLinhÙTó) SEL 1 An Bang §iÒn Hoµng Th¹ch Ngäc Béi(0,9,1,1,8) 24999(MONEY) at Shop[38]
[2023-05-24 21:37:21	] 1(§¹tÙMaÙTæÙS­) SEL 1 Anh Hµo Kim Cang Giíi §ao(0,0,1,0,10) 24999(MONEY) at Shop[38]
[2023-05-24 21:37:21	] 1(§¹tÙMaÙTæÙS­) SEL 1 Anh Hµo Kim Cang T¨ng M·o(0,7,0,0,10) 24999(MONEY) at Shop[38]
[2023-05-24 21:37:22	] 1(§¹tÙMaÙTæÙS­) SEL 1 Anh Hµo Kim Cang Cµ Sa(0,2,0,4,10) 24999(MONEY) at Shop[38]
[2023-05-24 21:37:22	] 1(§¹tÙMaÙTæÙS­) SEL 1 Anh Hµo Kim Cang T¨ng Hµi(0,5,1,2,10) 24999(MONEY) at Shop[38]
[2023-05-24 21:37:22	] 1(§¹tÙMaÙTæÙS­) SEL 1 Anh Hµo Kim Cang Th­îng Giíi(0,3,0,2,10) 24999(MONEY) at Shop[38]
[2023-05-24 21:37:23	] 1(§¹tÙMaÙTæÙS­) SEL 1 Anh Hµo Kim Cang Hé UyÓn(0,8,1,1,10) 24999(MONEY) at Shop[38]
[2023-05-24 21:37:23	] 1(§¹tÙMaÙTæÙS­) SEL 1 Anh Hµo Kim Cang H¹ Giíi(0,3,0,3,10) 24999(MONEY) at Shop[38]
[2023-05-24 21:37:23	] 1(§¹tÙMaÙTæÙS­) SEL 1 Anh Hµo Kim Cang Thóc Yªu(0,6,0,3,10) 24999(MONEY) at Shop[38]
[2023-05-24 21:37:37	] 1(§¹tÙMaÙTæÙS­) SEL 1 Anh Hµo Kim Cang H¹ng Liªn(0,4,1,4,10) 24999(MONEY) at Shop[38]
[2023-05-24 21:37:37	] 1(§¹tÙMaÙTæÙS­) SEL 1 Anh Hµo Kim Cang Yªu Trôy(0,9,1,1,10) 24999(MONEY) at Shop[38]
