2023-05-23 18:46:54	2(§­êngÙB¸ÙHæ) disconnect: Status(3), ExchangingStatus(0)
2023-05-23 19:03:01	1(§¹tÙMaÙTæÙS­) disconnect: Status(3), ExchangingStatus(0)
2023-05-23 19:03:30	1(ChungÙLinhÙTó) disconnect: Status(3), ExchangingStatus(0)
2023-05-23 19:09:39	1(ChungÙLinhÙTó) disconnect: Status(3), ExchangingStatus(0)
2023-05-23 19:14:07	1(§¹tÙMaÙTæÙS­) disconnect: Status(3), ExchangingStatus(0)
2023-05-23 19:15:38	1(ChungÙLinhÙTó) disconnect: Status(3), ExchangingStatus(0)
2023-05-23 19:18:11	1(§¹tÙMaÙTæÙS­) disconnect: Status(3), ExchangingStatus(0)
2023-05-23 19:27:24	1(§¹tÙMaÙTæÙS­) disconnect: Status(3), ExchangingStatus(0)
2023-05-23 19:28:12	1(ChungÙLinhÙTó) disconnect: Status(3), ExchangingStatus(0)
2023-05-23 19:45:58	1(§¹tÙMaÙTæÙS­) disconnect: Status(3), ExchangingStatus(0)
2023-05-23 19:51:35	1(§¹tÙMaÙTæÙS­) disconnect: Status(3), ExchangingStatus(0)
2023-05-23 19:51:59	2(jhdjahkd) disconnect: Status(3), ExchangingStatus(0)
2023-05-23 19:52:53	2(jhdjahkd) disconnect: Status(3), ExchangingStatus(0)
2023-05-23 20:05:36	1(§¹tÙMaÙTæÙS­) disconnect: Status(3), ExchangingStatus(0)
2023-05-23 20:08:47	1(§¹tÙMaÙTæÙS­) disconnect: Status(3), ExchangingStatus(0)
2023-05-23 20:10:04	2(GiaÙLuËtÙHångÙY) disconnect: Status(3), ExchangingStatus(0)
2023-05-23 20:17:27	2(GiaÙLuËtÙHångÙY) disconnect: Status(3), ExchangingStatus(0)
2023-05-23 20:17:51	1(§¹tÙMaÙTæÙS­) disconnect: Status(3), ExchangingStatus(0)
2023-05-23 20:18:11	1(HångÙL¨ngÙBa) disconnect: Status(3), ExchangingStatus(0)
2023-05-23 20:18:38	1(ChungÙLinhÙTó) disconnect: Status(3), ExchangingStatus(0)
2023-05-23 20:19:17	2(§­êngÙB¸ÙHæ) disconnect: Status(3), ExchangingStatus(0)
2023-05-23 20:19:30	1(§¹tÙMaÙTæÙS­) disconnect: Status(3), ExchangingStatus(0)
2023-05-23 20:24:40	1(§¹tÙMaÙTæÙS­) disconnect: Status(3), ExchangingStatus(0)
2023-05-23 20:24:44	1(§¹tÙMaÙTæÙS­) disconnect: Status(3), ExchangingStatus(0)
2023-05-23 20:25:29	2(GiaÙLuËtÙHångÙY) disconnect: Status(3), ExchangingStatus(0)
2023-05-23 20:26:00	2(GiaÙLuËtÙHångÙY) disconnect: Status(3), ExchangingStatus(0)
2023-05-23 20:26:15	2(1111111111111) disconnect: Status(3), ExchangingStatus(0)
2023-05-23 20:31:05	2(1111111111111) disconnect: Status(3), ExchangingStatus(0)
2023-05-23 20:42:33	2(GiaÙLuËtÙHångÙY) disconnect: Status(3), ExchangingStatus(0)
2023-05-23 20:45:12	2(GiaÙLuËtÙHångÙY) disconnect: Status(3), ExchangingStatus(0)
2023-05-23 20:48:14	1(§¹tÙMaÙTæÙS­) disconnect: Status(3), ExchangingStatus(0)
2023-05-23 20:51:50	1(§¹tÙMaÙTæÙS­) disconnect: Status(3), ExchangingStatus(0)
2023-05-23 20:55:25	1(§¹tÙMaÙTæÙS­) disconnect: Status(3), ExchangingStatus(0)
2023-05-23 20:57:12	2(GiaÙLuËtÙHångÙY) disconnect: Status(3), ExchangingStatus(0)
2023-05-23 21:00:58	2(GiaÙLuËtÙHångÙY) disconnect: Status(3), ExchangingStatus(0)
2023-05-23 21:02:08	1(§¹tÙMaÙTæÙS­) disconnect: Status(3), ExchangingStatus(0)
