2023-08-26 21:12:06	Add 1(tungns)
2023-08-26 21:12:06	1(tungns) sync data from bishop
2023-08-26 21:12:06	1(tungns) login
2023-08-26 21:13:56	[ShutdownClient]	Close connection[1] for request.
2023-08-26 21:13:56	1(tungns) logout
2023-08-26 21:13:56	Del 1(tungns): quit
2023-08-26 21:15:21	Add 1(tungns)
2023-08-26 21:15:21	1(tungns) sync data from bishop
2023-08-26 21:15:21	1(tungns) login
2023-08-26 21:18:47	Add 2(BÐÙSón)
2023-08-26 21:18:47	2(BÐÙSón) sync data from bishop
2023-08-26 21:18:47	2(BÐÙSón) login
2023-08-26 21:29:17	2(BÐÙSón) logout
2023-08-26 21:29:17	Del 2(BÐÙSón): quit
2023-08-26 21:43:52	1(tungns) logout
2023-08-26 21:43:52	Del 1(tungns): quit
2023-08-26 21:45:41	Add 1(tungns)
2023-08-26 21:45:41	1(tungns) sync data from bishop
2023-08-26 21:45:41	1(tungns) login
2023-08-26 21:49:31	1(tungns) logout
2023-08-26 21:49:31	Del 1(tungns): quit
2023-08-26 21:49:57	Add 1(tungns)
2023-08-26 21:49:57	1(tungns) sync data from bishop
2023-08-26 21:49:57	1(tungns) login
2023-08-26 21:52:03	Add 2(BÐÙSón)
2023-08-26 21:52:03	2(BÐÙSón) sync data from bishop
2023-08-26 21:52:03	2(BÐÙSón) login
2023-08-26 21:52:52	Add 3(godlike)
2023-08-26 21:52:52	3(godlike) sync data from bishop
2023-08-26 21:52:53	3(godlike) login
2023-08-26 21:53:26	Add 4(diablo)
2023-08-26 21:53:26	4(diablo) sync data from bishop
2023-08-26 21:53:26	4(diablo) login
2023-08-26 21:54:12	Add 5(demimos)
2023-08-26 21:54:12	5(demimos) sync data from bishop
2023-08-26 21:54:12	5(demimos) login
2023-08-26 21:54:48	Add 6(V­¬ngTrïngD­¬ng)
2023-08-26 21:54:48	6(V­¬ngTrïngD­¬ng) sync data from bishop
2023-08-26 21:54:48	6(V­¬ngTrïngD­¬ng) login
2023-08-26 21:55:35	Add 7(§­êngTam)
2023-08-26 21:55:35	7(§­êngTam) sync data from bishop
2023-08-26 21:55:35	7(§­êngTam) login
2023-08-26 21:56:07	Add 8(ThiªnTh­¬ng)
2023-08-26 21:56:07	8(ThiªnTh­¬ng) sync data from bishop
2023-08-26 21:56:07	8(ThiªnTh­¬ng) login
2023-08-26 23:50:24	1(tungns) logout
2023-08-26 23:50:24	Del 1(tungns): quit
2023-08-26 23:50:57	Add 1(tungns)
2023-08-26 23:50:57	1(tungns) sync data from bishop
2023-08-26 23:50:57	1(tungns) login
