2023-08-26 21:19:54	1(tungns): Level(2), Protect(0-0-1), Hook(0), CallNotInSelf(0-0-0), SearchNpc(0), MKInput(0, 0), SignCode(0)
2023-08-26 21:19:54	1(tungns) Status: RefuseCount(0), Fight(1), MapID-X-Y(53-3-20), Stall(0), Trading(0)
2023-08-26 21:51:09	1(tungns): Level(3), Protect(1-0-1), Hook(0), CallNotInSelf(0-0-0), SearchNpc(0), MKInput(0, 0), SignCode(0)
2023-08-26 21:51:09	1(tungns) Status: RefuseCount(0), Fight(1), MapID-X-Y(53-4-25), Stall(0), Trading(0)
2023-08-26 22:04:26	2(BÐÙSón): Level(4), Protect(0-0-1), Hook(0), CallNotInSelf(0-0-0), SearchNpc(0), MKInput(0, 0), SignCode(0)
2023-08-26 22:04:26	2(BÐÙSón) Status: RefuseCount(0), Fight(1), MapID-X-Y(53-8-31), Stall(0), Trading(0)
2023-08-26 23:43:50	6(V­¬ngTrïngD­¬ng): Level(10), Protect(0-0-1), Hook(0), CallNotInSelf(0-0-0), SearchNpc(0), MKInput(0, 0), SignCode(0)
2023-08-26 23:43:50	6(V­¬ngTrïngD­¬ng) Status: RefuseCount(0), Fight(1), MapID-X-Y(53-10-14), Stall(0), Trading(0)
2023-08-26 23:44:02	3(godlike): Level(11), Protect(0-0-1), Hook(0), CallNotInSelf(0-0-0), SearchNpc(0), MKInput(0, 0), SignCode(0)
2023-08-26 23:44:02	3(godlike) Status: RefuseCount(0), Fight(1), MapID-X-Y(53-9-14), Stall(0), Trading(0)
2023-08-26 23:44:05	5(demimos): Level(11), Protect(0-0-1), Hook(0), CallNotInSelf(0-0-0), SearchNpc(0), MKInput(0, 0), SignCode(0)
2023-08-26 23:44:05	5(demimos) Status: RefuseCount(0), Fight(1), MapID-X-Y(53-10-11), Stall(0), Trading(0)
2023-08-26 23:44:09	4(diablo): Level(11), Protect(0-0-1), Hook(0), CallNotInSelf(0-0-0), SearchNpc(0), MKInput(0, 0), SignCode(0)
2023-08-26 23:44:09	4(diablo) Status: RefuseCount(0), Fight(1), MapID-X-Y(53-11-14), Stall(0), Trading(0)
2023-08-26 23:44:12	7(§­êngTam): Level(11), Protect(0-0-1), Hook(0), CallNotInSelf(0-0-0), SearchNpc(0), MKInput(0, 0), SignCode(0)
2023-08-26 23:44:12	7(§­êngTam) Status: RefuseCount(0), Fight(1), MapID-X-Y(53-9-22), Stall(0), Trading(0)
2023-08-26 23:44:16	8(ThiªnTh­¬ng): Level(12), Protect(0-0-1), Hook(0), CallNotInSelf(0-0-0), SearchNpc(0), MKInput(0, 0), SignCode(0)
2023-08-26 23:44:16	8(ThiªnTh­¬ng) Status: RefuseCount(0), Fight(1), MapID-X-Y(53-9-22), Stall(0), Trading(0)
2023-08-26 23:54:04	1(tungns): Level(12), Protect(0-0-1), Hook(0), CallNotInSelf(0-0-0), SearchNpc(0), MKInput(0, 0), SignCode(0)
2023-08-26 23:54:04	1(tungns) Status: RefuseCount(0), Fight(1), MapID-X-Y(111-13-22), Stall(0), Trading(0)
