2023-05-23 18:40:24	Add 2(§­êngÙB¸ÙHæ)
2023-05-23 18:40:24	2(§­êngÙB¸ÙHæ) sync data from bishop
2023-05-23 18:40:24	2(§­êngÙB¸ÙHæ) login
2023-05-23 18:46:54	[ShutdownClient]	Close connection[1] for request.
2023-05-23 18:46:54	2(§­êngÙB¸ÙHæ) logout
2023-05-23 18:46:54	Del 2(§­êngÙB¸ÙHæ): quit
2023-05-23 18:47:01	Add 1(§¹tÙMaÙTæÙS­)
2023-05-23 18:47:01	1(§¹tÙMaÙTæÙS­) sync data from bishop
2023-05-23 18:47:01	1(§¹tÙMaÙTæÙS­) login
2023-05-23 19:03:01	[ShutdownClient]	Close connection[1] for request.
2023-05-23 19:03:02	1(§¹tÙMaÙTæÙS­) logout
2023-05-23 19:03:02	Del 1(§¹tÙMaÙTæÙS­): quit
2023-05-23 19:03:23	Add 1(ChungÙLinhÙTó)
2023-05-23 19:03:23	1(ChungÙLinhÙTó) sync data from bishop
2023-05-23 19:03:24	1(ChungÙLinhÙTó) login
2023-05-23 19:03:30	[ShutdownClient]	Kick Out, ReasonId (7) 2023-05-23 19:03:30	1(ChungÙLinhÙTó) logout
2023-05-23 19:03:30	Del 1(ChungÙLinhÙTó): quit
2023-05-23 19:03:35	Add 1(ChungÙLinhÙTó)
2023-05-23 19:03:35	1(ChungÙLinhÙTó) sync data from bishop
2023-05-23 19:03:35	1(ChungÙLinhÙTó) login
2023-05-23 19:09:39	1(ChungÙLinhÙTó) logout
2023-05-23 19:09:39	Del 1(ChungÙLinhÙTó): quit
2023-05-23 19:11:06	Add 1(§¹tÙMaÙTæÙS­)
2023-05-23 19:11:06	1(§¹tÙMaÙTæÙS­) sync data from bishop
2023-05-23 19:11:06	1(§¹tÙMaÙTæÙS­) login
2023-05-23 19:14:07	[ShutdownClient]	Close connection[1] for request.
2023-05-23 19:14:07	1(§¹tÙMaÙTæÙS­) logout
2023-05-23 19:14:07	Del 1(§¹tÙMaÙTæÙS­): quit
2023-05-23 19:14:11	Add 1(ChungÙLinhÙTó)
2023-05-23 19:14:11	1(ChungÙLinhÙTó) sync data from bishop
2023-05-23 19:14:11	1(ChungÙLinhÙTó) login
2023-05-23 19:15:38	[ShutdownClient]	Close connection[1] for request.
2023-05-23 19:15:38	1(ChungÙLinhÙTó) logout
2023-05-23 19:15:38	Del 1(ChungÙLinhÙTó): quit
2023-05-23 19:17:56	Add 1(§¹tÙMaÙTæÙS­)
2023-05-23 19:17:56	1(§¹tÙMaÙTæÙS­) sync data from bishop
2023-05-23 19:17:56	1(§¹tÙMaÙTæÙS­) login
2023-05-23 19:18:11	[ShutdownClient]	Close connection[1] for request.
2023-05-23 19:18:11	1(§¹tÙMaÙTæÙS­) logout
2023-05-23 19:18:11	Del 1(§¹tÙMaÙTæÙS­): quit
2023-05-23 19:23:49	Add 1(§¹tÙMaÙTæÙS­)
2023-05-23 19:23:49	1(§¹tÙMaÙTæÙS­) sync data from bishop
2023-05-23 19:23:49	1(§¹tÙMaÙTæÙS­) login
2023-05-23 19:27:24	[ShutdownClient]	Close connection[1] for request.
2023-05-23 19:27:24	1(§¹tÙMaÙTæÙS­) logout
2023-05-23 19:27:24	Del 1(§¹tÙMaÙTæÙS­): quit
2023-05-23 19:27:28	Add 1(ChungÙLinhÙTó)
2023-05-23 19:27:28	1(ChungÙLinhÙTó) sync data from bishop
2023-05-23 19:27:28	1(ChungÙLinhÙTó) login
2023-05-23 19:28:12	[ShutdownClient]	Close connection[1] for request.
2023-05-23 19:28:12	1(ChungÙLinhÙTó) logout
2023-05-23 19:28:12	Del 1(ChungÙLinhÙTó): quit
2023-05-23 19:35:58	Add 1(§¹tÙMaÙTæÙS­)
2023-05-23 19:35:58	1(§¹tÙMaÙTæÙS­) sync data from bishop
2023-05-23 19:35:58	1(§¹tÙMaÙTæÙS­) login
2023-05-23 19:45:58	[ShutdownClient]	Close connection[1] for request.
2023-05-23 19:45:58	1(§¹tÙMaÙTæÙS­) logout
2023-05-23 19:45:58	Del 1(§¹tÙMaÙTæÙS­): quit
2023-05-23 19:51:25	Add 1(§¹tÙMaÙTæÙS­)
2023-05-23 19:51:25	1(§¹tÙMaÙTæÙS­) sync data from bishop
2023-05-23 19:51:25	1(§¹tÙMaÙTæÙS­) login
2023-05-23 19:51:35	[ShutdownClient]	Close connection[1] for request.
2023-05-23 19:51:35	1(§¹tÙMaÙTæÙS­) logout
2023-05-23 19:51:35	Del 1(§¹tÙMaÙTæÙS­): quit
2023-05-23 19:51:46	Add 2(jhdjahkd)
2023-05-23 19:51:46	2(jhdjahkd) sync data from bishop
2023-05-23 19:51:46	2(jhdjahkd) login
2023-05-23 19:51:59	[ShutdownClient]	Kick Out, ReasonId (7) 2023-05-23 19:51:59	2(jhdjahkd) logout
2023-05-23 19:51:59	Del 2(jhdjahkd): quit
2023-05-23 19:52:03	Add 2(jhdjahkd)
2023-05-23 19:52:03	2(jhdjahkd) sync data from bishop
2023-05-23 19:52:03	2(jhdjahkd) login
2023-05-23 19:52:53	2(jhdjahkd) logout
2023-05-23 19:52:53	Del 2(jhdjahkd): quit
2023-05-23 19:58:25	Add 1(§¹tÙMaÙTæÙS­)
2023-05-23 19:58:25	1(§¹tÙMaÙTæÙS­) sync data from bishop
2023-05-23 19:58:25	1(§¹tÙMaÙTæÙS­) login
2023-05-23 20:05:36	[ShutdownClient]	Close connection[1] for request.
2023-05-23 20:05:36	1(§¹tÙMaÙTæÙS­) logout
2023-05-23 20:05:36	Del 1(§¹tÙMaÙTæÙS­): quit
2023-05-23 20:07:04	Add 1(§¹tÙMaÙTæÙS­)
2023-05-23 20:07:04	1(§¹tÙMaÙTæÙS­) sync data from bishop
2023-05-23 20:07:04	1(§¹tÙMaÙTæÙS­) login
2023-05-23 20:08:47	[ShutdownClient]	Close connection[1] for request.
2023-05-23 20:08:47	1(§¹tÙMaÙTæÙS­) logout
2023-05-23 20:08:47	Del 1(§¹tÙMaÙTæÙS­): quit
2023-05-23 20:09:57	Add 2(GiaÙLuËtÙHångÙY)
2023-05-23 20:09:57	2(GiaÙLuËtÙHångÙY) sync data from bishop
2023-05-23 20:09:57	2(GiaÙLuËtÙHångÙY) login
2023-05-23 20:10:04	[ShutdownClient]	Kick Out, ReasonId (7) 2023-05-23 20:10:04	2(GiaÙLuËtÙHångÙY) logout
2023-05-23 20:10:04	Del 2(GiaÙLuËtÙHångÙY): quit
2023-05-23 20:10:07	Add 2(GiaÙLuËtÙHångÙY)
2023-05-23 20:10:07	2(GiaÙLuËtÙHångÙY) sync data from bishop
2023-05-23 20:10:07	2(GiaÙLuËtÙHångÙY) login
2023-05-23 20:17:27	2(GiaÙLuËtÙHångÙY) logout
2023-05-23 20:17:27	Del 2(GiaÙLuËtÙHångÙY): quit
2023-05-23 20:17:33	Add 1(§¹tÙMaÙTæÙS­)
2023-05-23 20:17:33	1(§¹tÙMaÙTæÙS­) sync data from bishop
2023-05-23 20:17:33	1(§¹tÙMaÙTæÙS­) login
2023-05-23 20:17:51	[ShutdownClient]	Close connection[1] for request.
2023-05-23 20:17:51	1(§¹tÙMaÙTæÙS­) logout
2023-05-23 20:17:51	Del 1(§¹tÙMaÙTæÙS­): quit
2023-05-23 20:17:55	Add 1(HångÙL¨ngÙBa)
2023-05-23 20:17:55	1(HångÙL¨ngÙBa) sync data from bishop
2023-05-23 20:17:55	1(HångÙL¨ngÙBa) login
2023-05-23 20:18:11	[ShutdownClient]	Close connection[1] for request.
2023-05-23 20:18:11	1(HångÙL¨ngÙBa) logout
2023-05-23 20:18:11	Del 1(HångÙL¨ngÙBa): quit
2023-05-23 20:18:14	Add 1(ChungÙLinhÙTó)
2023-05-23 20:18:14	1(ChungÙLinhÙTó) sync data from bishop
2023-05-23 20:18:14	1(ChungÙLinhÙTó) login
2023-05-23 20:18:38	[ShutdownClient]	Close connection[1] for request.
2023-05-23 20:18:38	1(ChungÙLinhÙTó) logout
2023-05-23 20:18:38	Del 1(ChungÙLinhÙTó): quit
2023-05-23 20:18:43	Add 2(§­êngÙB¸ÙHæ)
2023-05-23 20:18:43	2(§­êngÙB¸ÙHæ) sync data from bishop
2023-05-23 20:18:43	2(§­êngÙB¸ÙHæ) login
2023-05-23 20:19:17	[ShutdownClient]	Close connection[1] for request.
2023-05-23 20:19:17	2(§­êngÙB¸ÙHæ) logout
2023-05-23 20:19:17	Del 2(§­êngÙB¸ÙHæ): quit
2023-05-23 20:19:23	Add 1(§¹tÙMaÙTæÙS­)
2023-05-23 20:19:23	1(§¹tÙMaÙTæÙS­) sync data from bishop
2023-05-23 20:19:23	1(§¹tÙMaÙTæÙS­) login
2023-05-23 20:19:30	[ShutdownClient]	Close connection[1] for request.
2023-05-23 20:19:30	1(§¹tÙMaÙTæÙS­) logout
2023-05-23 20:19:30	Del 1(§¹tÙMaÙTæÙS­): quit
2023-05-23 20:24:23	Add 1(§¹tÙMaÙTæÙS­)
2023-05-23 20:24:23	1(§¹tÙMaÙTæÙS­) sync data from bishop
2023-05-23 20:24:23	1(§¹tÙMaÙTæÙS­) login
2023-05-23 20:24:40	[ShutdownClient]	Close connection[1] for request.
2023-05-23 20:24:40	1(§¹tÙMaÙTæÙS­) logout
2023-05-23 20:24:40	Del 1(§¹tÙMaÙTæÙS­): quit
2023-05-23 20:24:42	Add 1(§¹tÙMaÙTæÙS­)
2023-05-23 20:24:42	1(§¹tÙMaÙTæÙS­) sync data from bishop
2023-05-23 20:24:42	1(§¹tÙMaÙTæÙS­) login
2023-05-23 20:24:44	[ShutdownClient]	Close connection[1] for request.
2023-05-23 20:24:44	1(§¹tÙMaÙTæÙS­) logout
2023-05-23 20:24:44	Del 1(§¹tÙMaÙTæÙS­): quit
2023-05-23 20:24:49	Add 2(GiaÙLuËtÙHångÙY)
2023-05-23 20:24:49	2(GiaÙLuËtÙHångÙY) sync data from bishop
2023-05-23 20:24:50	2(GiaÙLuËtÙHångÙY) login
2023-05-23 20:25:29	[ShutdownClient]	Close connection[1] for request.
2023-05-23 20:25:29	2(GiaÙLuËtÙHångÙY) logout
2023-05-23 20:25:29	Del 2(GiaÙLuËtÙHångÙY): quit
2023-05-23 20:25:32	Add 2(GiaÙLuËtÙHångÙY)
2023-05-23 20:25:32	2(GiaÙLuËtÙHångÙY) sync data from bishop
2023-05-23 20:25:32	2(GiaÙLuËtÙHångÙY) login
2023-05-23 20:26:00	[ShutdownClient]	Close connection[1] for request.
2023-05-23 20:26:00	2(GiaÙLuËtÙHångÙY) logout
2023-05-23 20:26:00	Del 2(GiaÙLuËtÙHångÙY): quit
2023-05-23 20:26:09	Add 2(1111111111111)
2023-05-23 20:26:09	2(1111111111111) sync data from bishop
2023-05-23 20:26:09	2(1111111111111) login
2023-05-23 20:26:15	[ShutdownClient]	Kick Out, ReasonId (7) 2023-05-23 20:26:15	2(1111111111111) logout
2023-05-23 20:26:15	Del 2(1111111111111): quit
2023-05-23 20:26:21	Add 2(1111111111111)
2023-05-23 20:26:21	2(1111111111111) sync data from bishop
2023-05-23 20:26:21	2(1111111111111) login
2023-05-23 20:31:05	2(1111111111111) logout
2023-05-23 20:31:05	Del 2(1111111111111): quit
2023-05-23 20:31:08	Add 2(GiaÙLuËtÙHångÙY)
2023-05-23 20:31:08	2(GiaÙLuËtÙHångÙY) sync data from bishop
2023-05-23 20:31:08	2(GiaÙLuËtÙHångÙY) login
2023-05-23 20:42:33	[ShutdownClient]	Close connection[1] for request.
2023-05-23 20:42:33	2(GiaÙLuËtÙHångÙY) logout
2023-05-23 20:42:33	Del 2(GiaÙLuËtÙHångÙY): quit
2023-05-23 20:44:06	Add 2(GiaÙLuËtÙHångÙY)
2023-05-23 20:44:06	2(GiaÙLuËtÙHångÙY) sync data from bishop
2023-05-23 20:44:06	2(GiaÙLuËtÙHångÙY) login
2023-05-23 20:45:12	[ShutdownClient]	Close connection[1] for request.
2023-05-23 20:45:12	2(GiaÙLuËtÙHångÙY) logout
2023-05-23 20:45:12	Del 2(GiaÙLuËtÙHångÙY): quit
2023-05-23 20:45:19	Add 1(§¹tÙMaÙTæÙS­)
2023-05-23 20:45:19	1(§¹tÙMaÙTæÙS­) sync data from bishop
2023-05-23 20:45:19	1(§¹tÙMaÙTæÙS­) login
2023-05-23 20:48:14	[ShutdownClient]	Close connection[1] for request.
2023-05-23 20:48:14	1(§¹tÙMaÙTæÙS­) logout
2023-05-23 20:48:14	Del 1(§¹tÙMaÙTæÙS­): quit
2023-05-23 20:51:09	Add 1(§¹tÙMaÙTæÙS­)
2023-05-23 20:51:09	1(§¹tÙMaÙTæÙS­) sync data from bishop
2023-05-23 20:51:09	1(§¹tÙMaÙTæÙS­) login
2023-05-23 20:51:50	[ShutdownClient]	Close connection[1] for request.
2023-05-23 20:51:50	1(§¹tÙMaÙTæÙS­) logout
2023-05-23 20:51:50	Del 1(§¹tÙMaÙTæÙS­): quit
2023-05-23 20:54:17	Add 1(§¹tÙMaÙTæÙS­)
2023-05-23 20:54:17	1(§¹tÙMaÙTæÙS­) sync data from bishop
2023-05-23 20:54:17	1(§¹tÙMaÙTæÙS­) login
2023-05-23 20:55:25	[ShutdownClient]	Close connection[1] for request.
2023-05-23 20:55:25	1(§¹tÙMaÙTæÙS­) logout
2023-05-23 20:55:25	Del 1(§¹tÙMaÙTæÙS­): quit
2023-05-23 20:55:34	Add 2(GiaÙLuËtÙHångÙY)
2023-05-23 20:55:34	2(GiaÙLuËtÙHångÙY) sync data from bishop
2023-05-23 20:55:34	2(GiaÙLuËtÙHångÙY) login
2023-05-23 20:57:12	[ShutdownClient]	Close connection[1] for request.
2023-05-23 20:57:12	2(GiaÙLuËtÙHångÙY) logout
2023-05-23 20:57:12	Del 2(GiaÙLuËtÙHångÙY): quit
2023-05-23 21:00:16	Add 2(GiaÙLuËtÙHångÙY)
2023-05-23 21:00:16	2(GiaÙLuËtÙHångÙY) sync data from bishop
2023-05-23 21:00:16	2(GiaÙLuËtÙHångÙY) login
2023-05-23 21:00:58	[ShutdownClient]	Close connection[1] for request.
2023-05-23 21:00:59	2(GiaÙLuËtÙHångÙY) logout
2023-05-23 21:00:59	Del 2(GiaÙLuËtÙHångÙY): quit
2023-05-23 21:01:06	Add 1(§¹tÙMaÙTæÙS­)
2023-05-23 21:01:06	1(§¹tÙMaÙTæÙS­) sync data from bishop
2023-05-23 21:01:06	1(§¹tÙMaÙTæÙS­) login
2023-05-23 21:02:08	[ShutdownClient]	Close connection[1] for request.
2023-05-23 21:02:08	1(§¹tÙMaÙTæÙS­) logout
2023-05-23 21:02:08	Del 1(§¹tÙMaÙTæÙS­): quit
