2023-05-25 18:43:21	Add 1(§¹tÙMaÙTæÙS­)
2023-05-25 18:43:21	1(§¹tÙMaÙTæÙS­) sync data from bishop
2023-05-25 18:43:21	1(§¹tÙMaÙTæÙS­) login
2023-05-25 18:45:01	[ShutdownClient]	Close connection[1] for request.
2023-05-25 18:45:01	1(§¹tÙMaÙTæÙS­) logout
2023-05-25 18:45:01	Del 1(§¹tÙMaÙTæÙS­): quit
2023-05-25 18:45:18	Add 1(§¹tÙMaÙTæÙS­)
2023-05-25 18:45:18	1(§¹tÙMaÙTæÙS­) sync data from bishop
2023-05-25 18:45:18	1(§¹tÙMaÙTæÙS­) login
2023-05-25 18:52:50	[ShutdownClient]	Kick Out, ReasonId (2) 2023-05-25 18:52:50	1(§¹tÙMaÙTæÙS­) logout
2023-05-25 18:52:50	Del 1(§¹tÙMaÙTæÙS­): quit
2023-05-25 18:52:57	Add 1(PYTAÙGaming)
2023-05-25 18:52:57	1(PYTAÙGaming) sync data from bishop
2023-05-25 18:52:57	1(PYTAÙGaming) login
2023-05-25 18:52:59	[ShutdownClient]	Close connection[1] for request.
2023-05-25 18:52:59	1(PYTAÙGaming) logout
2023-05-25 18:52:59	Del 1(PYTAÙGaming): quit
2023-05-25 18:53:05	Add 1(PYTAÙGaming)
2023-05-25 18:53:05	1(PYTAÙGaming) sync data from bishop
2023-05-25 18:53:05	1(PYTAÙGaming) login
2023-05-25 19:06:23	[ShutdownClient]	Close connection[1] for request.
2023-05-25 19:06:23	1(PYTAÙGaming) logout
2023-05-25 19:06:23	Del 1(PYTAÙGaming): quit
2023-05-25 19:10:18	Add 1(PYTAÙGaming)
2023-05-25 19:10:18	1(PYTAÙGaming) sync data from bishop
2023-05-25 19:10:18	1(PYTAÙGaming) login
2023-05-25 19:10:30	[ShutdownClient]	Close connection[1] for request.
2023-05-25 19:10:30	1(PYTAÙGaming) logout
2023-05-25 19:10:30	Del 1(PYTAÙGaming): quit
2023-05-25 19:12:02	Add 1(PYTAÙGaming)
2023-05-25 19:12:02	1(PYTAÙGaming) sync data from bishop
2023-05-25 19:12:02	1(PYTAÙGaming) login
2023-05-25 19:12:34	[ShutdownClient]	Close connection[1] for request.
2023-05-25 19:12:34	1(PYTAÙGaming) logout
2023-05-25 19:12:34	Del 1(PYTAÙGaming): quit
