2023-08-27 00:13:42	1(tungns) logout
2023-08-27 00:13:42	Del 1(tungns): quit
2023-08-27 00:13:42	2(BÐÙSón) logout
2023-08-27 00:13:42	Del 2(BÐÙSón): quit
2023-08-27 00:13:42	3(godlike) logout
2023-08-27 00:13:42	Del 3(godlike): quit
2023-08-27 00:13:42	4(diablo) logout
2023-08-27 00:13:42	Del 4(diablo): quit
2023-08-27 00:13:42	5(demimos) logout
2023-08-27 00:13:42	Del 5(demimos): quit
2023-08-27 00:13:42	6(V­¬ngTrïngD­¬ng) logout
2023-08-27 00:13:42	Del 6(V­¬ngTrïngD­¬ng): quit
2023-08-27 00:13:42	7(§­êngTam) logout
2023-08-27 00:13:42	Del 7(§­êngTam): quit
2023-08-27 00:13:42	8(ThiªnTh­¬ng) logout
2023-08-27 00:13:42	Del 8(ThiªnTh­¬ng): quit
2023-08-27 00:17:14	Add 9(TÐtgamet)
2023-08-27 00:17:14	9(TÐtgamet) sync data from bishop
2023-08-27 00:17:14	9(TÐtgamet) login
2023-08-27 00:33:08	[ShutdownClient]	Close connection[1] for request.
2023-08-27 00:33:08	9(TÐtgamet) logout
2023-08-27 00:33:08	Del 9(TÐtgamet): quit
2023-08-27 00:33:17	Add 1(tungns)
2023-08-27 00:33:17	1(tungns) sync data from bishop
2023-08-27 00:33:17	1(tungns) login
2023-08-27 00:42:13	[ShutdownClient]	Close connection[1] for request.
2023-08-27 00:42:13	1(tungns) logout
2023-08-27 00:42:13	Del 1(tungns): quit
2023-08-27 14:54:54	Add 1(tungns)
2023-08-27 14:54:54	1(tungns) sync data from bishop
2023-08-27 14:54:54	1(tungns) login
2023-08-27 14:55:59	[ShutdownClient]	Close connection[1] for request.
2023-08-27 14:55:59	1(tungns) logout
2023-08-27 14:55:59	Del 1(tungns): quit
2023-08-27 14:58:10	Add 1(tungns)
2023-08-27 14:58:10	1(tungns) sync data from bishop
2023-08-27 14:58:10	1(tungns) login
2023-08-27 14:58:13	[ShutdownClient]	Close connection[1] for request.
2023-08-27 14:58:13	1(tungns) logout
2023-08-27 14:58:13	Del 1(tungns): quit
2023-08-27 15:06:29	Add 1(tungns)
2023-08-27 15:06:29	1(tungns) sync data from bishop
2023-08-27 15:06:29	1(tungns) login
2023-08-27 15:06:41	[ShutdownClient]	Close connection[1] for request.
2023-08-27 15:06:42	1(tungns) logout
2023-08-27 15:06:42	Del 1(tungns): quit
2023-08-27 15:29:39	Add 1(tungns)
2023-08-27 15:29:39	1(tungns) sync data from bishop
2023-08-27 15:29:39	1(tungns) login
2023-08-27 15:29:43	[ShutdownClient]	Close connection[1] for request.
2023-08-27 15:29:43	1(tungns) logout
2023-08-27 15:29:43	Del 1(tungns): quit
2023-08-27 15:29:48	Add 1(tungns)
2023-08-27 15:29:48	1(tungns) sync data from bishop
2023-08-27 15:29:48	1(tungns) login
2023-08-27 15:29:50	[ShutdownClient]	Close connection[1] for request.
2023-08-27 15:29:50	1(tungns) logout
2023-08-27 15:29:50	Del 1(tungns): quit
2023-08-27 15:39:19	Add 1(tungns)
2023-08-27 15:39:19	1(tungns) sync data from bishop
2023-08-27 15:39:19	1(tungns) login
2023-08-27 15:39:32	[ShutdownClient]	Close connection[1] for request.
2023-08-27 15:39:33	1(tungns) logout
2023-08-27 15:39:33	Del 1(tungns): quit
2023-08-27 15:40:28	Add 1(tungns)
2023-08-27 15:40:28	1(tungns) sync data from bishop
2023-08-27 15:40:28	1(tungns) login
2023-08-27 15:40:38	[ShutdownClient]	Close connection[1] for request.
2023-08-27 15:40:38	1(tungns) logout
2023-08-27 15:40:38	Del 1(tungns): quit
2023-08-27 15:40:48	Add 1(tungns)
2023-08-27 15:40:48	1(tungns) sync data from bishop
2023-08-27 15:40:48	1(tungns) login
2023-08-27 15:40:56	[ShutdownClient]	Close connection[1] for request.
2023-08-27 15:40:56	1(tungns) logout
2023-08-27 15:40:56	Del 1(tungns): quit
2023-08-27 15:41:06	Add 1(tungns)
2023-08-27 15:41:06	1(tungns) sync data from bishop
2023-08-27 15:41:06	1(tungns) login
2023-08-27 15:41:14	[ShutdownClient]	Close connection[1] for request.
2023-08-27 15:41:14	1(tungns) logout
2023-08-27 15:41:14	Del 1(tungns): quit
2023-08-27 15:41:24	Add 1(tungns)
2023-08-27 15:41:24	1(tungns) sync data from bishop
2023-08-27 15:41:24	1(tungns) login
2023-08-27 15:42:17	[ShutdownClient]	Close connection[1] for request.
2023-08-27 15:42:17	1(tungns) logout
2023-08-27 15:42:17	Del 1(tungns): quit
2023-08-27 15:42:27	Add 1(tungns)
2023-08-27 15:42:27	1(tungns) sync data from bishop
2023-08-27 15:42:27	1(tungns) login
2023-08-27 15:43:18	[ShutdownClient]	Close connection[1] for request.
2023-08-27 15:43:18	1(tungns) logout
2023-08-27 15:43:18	Del 1(tungns): quit
2023-08-27 15:43:36	Add 1(tungns)
2023-08-27 15:43:36	1(tungns) sync data from bishop
2023-08-27 15:43:36	1(tungns) login
2023-08-27 15:43:57	[ShutdownClient]	Close connection[1] for request.
2023-08-27 15:43:57	1(tungns) logout
2023-08-27 15:43:57	Del 1(tungns): quit
2023-08-27 15:44:06	Add 1(tungns)
2023-08-27 15:44:06	1(tungns) sync data from bishop
2023-08-27 15:44:06	1(tungns) login
2023-08-27 15:44:29	[ShutdownClient]	Close connection[1] for request.
2023-08-27 15:44:29	1(tungns) logout
2023-08-27 15:44:29	Del 1(tungns): quit
2023-08-27 15:44:38	Add 1(tungns)
2023-08-27 15:44:38	1(tungns) sync data from bishop
2023-08-27 15:44:38	1(tungns) login
2023-08-27 15:45:01	[ShutdownClient]	Close connection[1] for request.
2023-08-27 15:45:01	1(tungns) logout
2023-08-27 15:45:01	Del 1(tungns): quit
2023-08-27 15:45:10	Add 1(tungns)
2023-08-27 15:45:10	1(tungns) sync data from bishop
2023-08-27 15:45:10	1(tungns) login
2023-08-27 15:45:38	[ShutdownClient]	Close connection[1] for request.
2023-08-27 15:45:38	1(tungns) logout
2023-08-27 15:45:38	Del 1(tungns): quit
2023-08-27 15:45:48	Add 1(tungns)
2023-08-27 15:45:48	1(tungns) sync data from bishop
2023-08-27 15:45:48	1(tungns) login
2023-08-27 15:46:20	[ShutdownClient]	Close connection[1] for request.
2023-08-27 15:46:20	1(tungns) logout
2023-08-27 15:46:20	Del 1(tungns): quit
2023-08-27 15:46:30	Add 1(tungns)
2023-08-27 15:46:30	1(tungns) sync data from bishop
2023-08-27 15:46:30	1(tungns) login
2023-08-27 15:52:07	[ShutdownClient]	Close connection[1] for request.
2023-08-27 15:52:07	1(tungns) logout
2023-08-27 15:52:07	Del 1(tungns): quit
2023-08-27 15:52:17	Add 1(tungns)
2023-08-27 15:52:17	1(tungns) sync data from bishop
2023-08-27 15:52:17	1(tungns) login
2023-08-27 15:52:23	[ShutdownClient]	Close connection[1] for request.
2023-08-27 15:52:23	1(tungns) logout
2023-08-27 15:52:23	Del 1(tungns): quit
2023-08-27 15:54:42	Add 1(tungns)
2023-08-27 15:54:42	1(tungns) sync data from bishop
2023-08-27 15:54:42	1(tungns) login
2023-08-27 15:56:29	[ShutdownClient]	Close connection[1] for request.
2023-08-27 15:56:29	1(tungns) logout
2023-08-27 15:56:29	Del 1(tungns): quit
2023-08-27 15:57:09	Add 1(tungns)
2023-08-27 15:57:09	1(tungns) sync data from bishop
2023-08-27 15:57:09	1(tungns) login
2023-08-27 15:57:18	[ShutdownClient]	Close connection[1] for request.
2023-08-27 15:57:18	1(tungns) logout
2023-08-27 15:57:18	Del 1(tungns): quit
2023-08-27 15:58:28	Add 1(tungns)
2023-08-27 15:58:28	1(tungns) sync data from bishop
2023-08-27 15:58:28	1(tungns) login
2023-08-27 15:58:52	[ShutdownClient]	Close connection[1] for request.
2023-08-27 15:58:52	1(tungns) logout
2023-08-27 15:58:52	Del 1(tungns): quit
2023-08-27 15:59:01	Add 1(tungns)
2023-08-27 15:59:01	1(tungns) sync data from bishop
2023-08-27 15:59:01	1(tungns) login
2023-08-27 15:59:21	[ShutdownClient]	Close connection[1] for request.
2023-08-27 15:59:22	1(tungns) logout
2023-08-27 15:59:22	Del 1(tungns): quit
2023-08-27 15:59:30	Add 1(tungns)
2023-08-27 15:59:30	1(tungns) sync data from bishop
2023-08-27 15:59:30	1(tungns) login
2023-08-27 16:03:17	[ShutdownClient]	Close connection[1] for request.
2023-08-27 16:03:17	1(tungns) logout
2023-08-27 16:03:17	Del 1(tungns): quit
2023-08-27 16:03:26	Add 1(tungns)
2023-08-27 16:03:26	1(tungns) sync data from bishop
2023-08-27 16:03:26	1(tungns) login
2023-08-27 16:03:32	[ShutdownClient]	Close connection[1] for request.
2023-08-27 16:03:32	1(tungns) logout
2023-08-27 16:03:32	Del 1(tungns): quit
2023-08-27 16:03:51	Add 1(tungns)
2023-08-27 16:03:51	1(tungns) sync data from bishop
2023-08-27 16:03:51	1(tungns) login
2023-08-27 16:04:34	[ShutdownClient]	Close connection[1] for request.
2023-08-27 16:04:34	1(tungns) logout
2023-08-27 16:04:34	Del 1(tungns): quit
2023-08-27 16:04:43	Add 1(tungns)
2023-08-27 16:04:43	1(tungns) sync data from bishop
2023-08-27 16:04:43	1(tungns) login
2023-08-27 16:21:29	[ShutdownClient]	Close connection[1] for request.
2023-08-27 16:21:29	1(tungns) logout
2023-08-27 16:21:29	Del 1(tungns): quit
2023-08-27 16:23:40	Add 1(tungns)
2023-08-27 16:23:40	1(tungns) sync data from bishop
2023-08-27 16:23:40	1(tungns) login
2023-08-27 16:26:09	[ShutdownClient]	Close connection[1] for request.
2023-08-27 16:26:09	1(tungns) logout
2023-08-27 16:26:09	Del 1(tungns): quit
2023-08-27 16:26:23	Add 1(tungns)
2023-08-27 16:26:23	1(tungns) sync data from bishop
2023-08-27 16:26:23	1(tungns) login
2023-08-27 16:45:27	[ShutdownClient]	Close connection[1] for request.
2023-08-27 16:45:27	1(tungns) logout
2023-08-27 16:45:27	Del 1(tungns): quit
2023-08-27 16:45:34	Add 1(tungns)
2023-08-27 16:45:34	1(tungns) sync data from bishop
2023-08-27 16:45:34	1(tungns) login
2023-08-27 16:45:58	[ShutdownClient]	Close connection[1] for request.
2023-08-27 16:45:59	1(tungns) logout
2023-08-27 16:45:59	Del 1(tungns): quit
2023-08-27 16:46:11	Add 1(tungns)
2023-08-27 16:46:11	1(tungns) sync data from bishop
2023-08-27 16:46:11	1(tungns) login
2023-08-27 17:41:48	1(tungns) logout
2023-08-27 17:41:48	Del 1(tungns): quit
